<?xml version="1.0" encoding="UTF-8"?>
<!-- Generated by org.testng.reporters.JUnitReportReporter -->
<testsuite skipped="0" hostname="ReshmaB-PC" name="demo.loginvalidation" tests="1" failures="0" timestamp="13 Oct 2017 11:51:00 GMT" time="41.907" errors="0">
  <testcase name="Adminm" time="41.907" classname="demo.loginvalidation"/>
</testsuite> <!-- demo.loginvalidation -->
