<?xml version="1.0" encoding="UTF-8"?>
<!-- Generated by org.testng.reporters.JUnitReportReporter -->
<testsuite skipped="0" hostname="ReshmaB-PC" name="demo.ttt" tests="1" failures="0" timestamp="02 Jan 2018 10:05:34 GMT" time="10.678" errors="0">
  <testcase name="test" time="10.678" classname="demo.ttt"/>
</testsuite> <!-- demo.ttt -->
